Jul-19 10:50:25.626 [main] DEBUG nextflow.cli.Launcher - $> nextflow run main.nf -profile docker --poppipe_output /home/phemarajata/Downloads/PopPIPE-bp/output_with_samui_final --input /home/phemarajata/Downloads/PopPIPE-bp/combined_rfile.txt --outdir results_samuilplusall_tsv --snp_package parsnp
Jul-19 10:50:25.711 [main] DEBUG nextflow.cli.CmdRun - N E X T F L O W  ~  version 25.04.4
Jul-19 10:50:25.748 [main] DEBUG nextflow.plugin.PluginsFacade - Setting up plugin manager > mode=prod; embedded=false; plugins-dir=/home/phemarajata/.nextflow/plugins; core-plugins: nf-amazon@2.15.0,nf-azure@1.16.0,nf-cloudcache@0.4.3,nf-codecommit@0.2.3,nf-console@1.2.1,nf-google@1.21.0,nf-k8s@1.0.0,nf-tower@1.11.3,nf-wave@1.12.1
Jul-19 10:50:25.773 [main] INFO  o.pf4j.DefaultPluginStatusProvider - Enabled plugins: []
Jul-19 10:50:25.773 [main] INFO  o.pf4j.DefaultPluginStatusProvider - Disabled plugins: []
Jul-19 10:50:25.775 [main] INFO  org.pf4j.DefaultPluginManager - PF4J version 3.12.0 in 'deployment' mode
Jul-19 10:50:25.784 [main] INFO  org.pf4j.AbstractPluginManager - No plugins
Jul-19 10:50:25.799 [main] DEBUG nextflow.config.ConfigBuilder - Found config local: /home/phemarajata/Downloads/wf-assembly-snps-optimized_poppipe/nextflow.config
Jul-19 10:50:25.801 [main] DEBUG nextflow.config.ConfigBuilder - Parsing config file: /home/phemarajata/Downloads/wf-assembly-snps-optimized_poppipe/nextflow.config
Jul-19 10:50:25.831 [main] DEBUG n.secret.LocalSecretsProvider - Secrets store: /home/phemarajata/.nextflow/secrets/store.json
Jul-19 10:50:25.834 [main] DEBUG nextflow.secret.SecretsLoader - Discovered secrets providers: [nextflow.secret.LocalSecretsProvider@41477a6d] - activable => nextflow.secret.LocalSecretsProvider@41477a6d
Jul-19 10:50:25.844 [main] DEBUG nextflow.config.ConfigBuilder - Applying config profile: `docker`
Jul-19 10:50:26.899 [main] DEBUG nextflow.config.ConfigBuilder - Available config profiles: [aspen_hpc, debug, shifter, test, conda, gcp_vm, singularity, rosalind_hpc, test_full, docker]
Jul-19 10:50:26.936 [main] DEBUG nextflow.cli.CmdRun - Applied DSL=2 from script declaration
Jul-19 10:50:26.952 [main] DEBUG nextflow.cli.CmdRun - Launching `main.nf` [zen_allen] DSL2 - revision: 3a85b30ccc
Jul-19 10:50:26.953 [main] DEBUG nextflow.plugin.PluginsFacade - Plugins default=[]
Jul-19 10:50:26.953 [main] DEBUG nextflow.plugin.PluginsFacade - Plugins resolved requirement=[]
Jul-19 10:50:26.995 [main] DEBUG nextflow.Session - Session UUID: 5400b27b-9a73-4ea0-b7a6-da7f1b5fa9d1
Jul-19 10:50:26.995 [main] DEBUG nextflow.Session - Run name: zen_allen
Jul-19 10:50:26.996 [main] DEBUG nextflow.Session - Executor pool size: 22
Jul-19 10:50:27.005 [main] DEBUG nextflow.file.FilePorter - File porter settings maxRetries=3; maxTransfers=50; pollTimeout=null
Jul-19 10:50:27.013 [main] DEBUG nextflow.util.ThreadPoolBuilder - Creating thread pool 'FileTransfer' minSize=10; maxSize=66; workQueue=LinkedBlockingQueue[-1]; allowCoreThreadTimeout=false
Jul-19 10:50:27.038 [main] DEBUG nextflow.cli.CmdRun - 
  Version: 25.04.4 build 5950
  Created: 16-06-2025 14:23 UTC (21:23 ICST)
  System: Linux 6.11.0-29-generic
  Runtime: Groovy 4.0.26 on Java HotSpot(TM) 64-Bit Server VM 17.0.12+8-LTS-286
  Encoding: UTF-8 (UTF-8)
  Process: 7648@phemarajata-Stealth-16-MercedesAMG-A1VGG [127.0.1.1]
  CPUs: 22 - Mem: 62.3 GB (54.5 GB) - Swap: 8 GB (8 GB)
Jul-19 10:50:27.053 [main] DEBUG nextflow.Session - Work-dir: /home/phemarajata/Downloads/wf-assembly-snps-optimized_poppipe/work [ext2/ext3]
Jul-19 10:50:27.085 [main] DEBUG nextflow.executor.ExecutorFactory - Extension executors providers=[]
Jul-19 10:50:27.104 [main] DEBUG nextflow.Session - Observer factory: DefaultObserverFactory
Jul-19 10:50:27.127 [main] DEBUG nextflow.Session - Observer factory (v2): LinObserverFactory
Jul-19 10:50:27.156 [main] DEBUG nextflow.cache.CacheFactory - Using Nextflow cache factory: nextflow.cache.DefaultCacheFactory
Jul-19 10:50:27.169 [main] DEBUG nextflow.util.CustomThreadPool - Creating default thread pool > poolSize: 23; maxThreads: 1000
Jul-19 10:50:27.247 [main] DEBUG nextflow.Session - Session start
Jul-19 10:50:27.252 [main] DEBUG nextflow.trace.TraceFileObserver - Workflow started -- trace file: /home/phemarajata/Downloads/wf-assembly-snps-optimized_poppipe/results_samuilplusall_tsv/pipeline_info/execution_trace_2025-07-19_10-50-26.txt
Jul-19 10:50:27.267 [main] DEBUG nextflow.Session - Using default localLib path: /home/phemarajata/Downloads/wf-assembly-snps-optimized_poppipe/lib
Jul-19 10:50:27.272 [main] DEBUG nextflow.Session - Adding to the classpath library: /home/phemarajata/Downloads/wf-assembly-snps-optimized_poppipe/lib
Jul-19 10:50:27.272 [main] DEBUG nextflow.Session - Adding to the classpath library: /home/phemarajata/Downloads/wf-assembly-snps-optimized_poppipe/lib/nfcore_external_java_deps.jar
Jul-19 10:50:27.849 [main] DEBUG nextflow.script.ScriptRunner - > Launching execution
Jul-19 10:50:27.891 [main] INFO  nextflow.Nextflow - 

-[2m----------------------------------------------------[0m-
[0;34m     __         __ __ __     __            __     __  __    [0m
[0;34m|  ||_  __  /\ (_ (_ |_ |\/||__)|  \_/ __ (_ |\ ||__)(_ [0m
[0;34m|/\||      /--\__)__)|__|  ||__)|__ |     __)| \||   __) [0m

[0;32m       Identify SNPs from genome assemblies.               [0m


[0;35m     bacterial-genomics/wf-assembly-snps v1.0.2[0m
-[2m----------------------------------------------------[0m-
[1mCore Nextflow options[0m
  [0;34mrunName             : [0;32mzen_allen[0m
  [0;34mcontainerEngine     : [0;32mdocker[0m
  [0;34mlaunchDir           : [0;32m/home/phemarajata/Downloads/wf-assembly-snps-optimized_poppipe[0m
  [0;34mworkDir             : [0;32m/home/phemarajata/Downloads/wf-assembly-snps-optimized_poppipe/work[0m
  [0;34mprojectDir          : [0;32m/home/phemarajata/Downloads/wf-assembly-snps-optimized_poppipe[0m
  [0;34muserName            : [0;32mphemarajata[0m
  [0;34mprofile             : [0;32mdocker[0m
  [0;34mconfigFiles         : [0;32m/home/phemarajata/Downloads/wf-assembly-snps-optimized_poppipe/nextflow.config[0m

[1mInput/output options[0m
  [0;34minput               : [0;32m/home/phemarajata/Downloads/PopPIPE-bp/combined_rfile.txt[0m
  [0;34moutdir              : [0;32mresults_samuilplusall_tsv[0m
  [0;34mpoppipe_output      : [0;32m/home/phemarajata/Downloads/PopPIPE-bp/output_with_samui_final[0m

[1mAnalysis options[0m
  [0;34mrecombination       : [0;32mgubbins[0m

[1mProfile options[0m
  [0;34mprofile_cache_dir   : [0;32m/home/phemarajata/Downloads/wf-assembly-snps-optimized_poppipe/assets/.cache[0m

[1mMax job request options[0m
  [0;34mmax_cpus            : [0;32m60[0m
  [0;34mmax_memory          : [0;32m400.GB[0m

[1mGeneric options[0m
  [0;34mtracedir            : [0;32mresults_samuilplusall_tsv/pipeline_info[0m
  [0;34mprocess_log_dir     : [0;32mresults_samuilplusall_tsv/pipeline_info/process_logs[0m
  [0;34mqc_filecheck_log_dir: [0;32mresults_samuilplusall_tsv/pipeline_info/qc_file_checks[0m

!! Only displaying parameters that differ from the pipeline defaults !!
-[2m----------------------------------------------------[0m-
If you use bacterial-genomics/wf-assembly-snps for your analysis please cite:

* The nf-core framework
  https://doi.org/10.1038/s41587-020-0439-x

* Software dependencies
  https://github.com/bacterial-genomics/wf-assembly-snps/blob/main/CITATIONS.md
-[2m----------------------------------------------------[0m-
Jul-19 10:50:27.973 [main] WARN  nextflow.Nextflow - Found unexpected parameters:
* --poppunk_clusters: null
Jul-19 10:50:27.974 [main] INFO  nextflow.Nextflow - - [2mIgnore this warning: params.schema_ignore_params = "poppunk_clusters" [0m
Jul-19 10:50:30.143 [main] INFO  nextflow.Nextflow - Parsing PopPIPE-bp output directory: /home/phemarajata/Downloads/PopPIPE-bp/output_with_samui_final
Jul-19 10:50:30.144 [main] INFO  nextflow.Nextflow - Input source: /home/phemarajata/Downloads/PopPIPE-bp/combined_rfile.txt
Jul-19 10:50:30.192 [main] DEBUG nextflow.script.ProcessConfig - Config settings `withLabel:process_single` matches labels `process_single` for process with name POPPIPE_SNP_ANALYSIS:PARSE_POPPIPE_OUTPUT
Jul-19 10:50:30.200 [main] DEBUG nextflow.executor.ExecutorFactory - << taskConfig executor: null
Jul-19 10:50:30.201 [main] DEBUG nextflow.executor.ExecutorFactory - >> processorType: 'local'
Jul-19 10:50:30.204 [main] DEBUG nextflow.executor.Executor - [warm up] executor > local
Jul-19 10:50:30.208 [main] DEBUG n.processor.LocalPollingMonitor - Creating local task monitor for executor 'local' > cpus=22; memory=62.3 GB; capacity=22; pollInterval=100ms; dumpInterval=5m
Jul-19 10:50:30.209 [main] DEBUG n.processor.TaskPollingMonitor - >>> barrier register (monitor: local)
Jul-19 10:50:30.221 [main] DEBUG nextflow.processor.TaskProcessor - Creating process 'POPPIPE_SNP_ANALYSIS:PARSE_POPPIPE_OUTPUT': maxForks=0; fair=false; array=0
Jul-19 10:50:30.311 [main] DEBUG nextflow.executor.ExecutorFactory - << taskConfig executor: null
Jul-19 10:50:30.311 [main] DEBUG nextflow.executor.ExecutorFactory - >> processorType: 'local'
Jul-19 10:50:30.312 [main] DEBUG nextflow.processor.TaskProcessor - Creating process 'POPPIPE_SNP_ANALYSIS:CLUSTER_SNP_ANALYSIS:INFILE_HANDLING_UNIX': maxForks=0; fair=false; array=0
Jul-19 10:50:30.334 [main] DEBUG nextflow.script.ProcessConfig - Config settings `withLabel:process_high` matches labels `process_high` for process with name POPPIPE_SNP_ANALYSIS:CLUSTER_SNP_ANALYSIS:CORE_GENOME_ALIGNMENT_PARSNP
Jul-19 10:50:30.335 [main] DEBUG nextflow.script.ProcessConfig - Config settings `withName:CORE_GENOME_ALIGNMENT_PARSNP` matches process POPPIPE_SNP_ANALYSIS:CLUSTER_SNP_ANALYSIS:CORE_GENOME_ALIGNMENT_PARSNP
Jul-19 10:50:30.338 [main] DEBUG nextflow.executor.ExecutorFactory - << taskConfig executor: null
Jul-19 10:50:30.338 [main] DEBUG nextflow.executor.ExecutorFactory - >> processorType: 'local'
Jul-19 10:50:30.338 [main] DEBUG nextflow.processor.TaskProcessor - Creating process 'POPPIPE_SNP_ANALYSIS:CLUSTER_SNP_ANALYSIS:CORE_GENOME_ALIGNMENT_PARSNP': maxForks=0; fair=false; array=0
Jul-19 10:50:30.347 [main] DEBUG nextflow.script.ProcessConfig - Config settings `withLabel:process_low` matches labels `process_low` for process with name POPPIPE_SNP_ANALYSIS:CLUSTER_SNP_ANALYSIS:CONVERT_GINGR_TO_FASTA_HARVESTTOOLS
Jul-19 10:50:30.348 [main] DEBUG nextflow.script.ProcessConfig - Config settings `withName:CONVERT_GINGR_TO_FASTA_HARVESTTOOLS` matches process POPPIPE_SNP_ANALYSIS:CLUSTER_SNP_ANALYSIS:CONVERT_GINGR_TO_FASTA_HARVESTTOOLS
Jul-19 10:50:30.349 [main] DEBUG nextflow.executor.ExecutorFactory - << taskConfig executor: null
Jul-19 10:50:30.349 [main] DEBUG nextflow.executor.ExecutorFactory - >> processorType: 'local'
Jul-19 10:50:30.350 [main] DEBUG nextflow.processor.TaskProcessor - Creating process 'POPPIPE_SNP_ANALYSIS:CLUSTER_SNP_ANALYSIS:CONVERT_GINGR_TO_FASTA_HARVESTTOOLS': maxForks=0; fair=false; array=0
Jul-19 10:50:30.357 [main] DEBUG nextflow.script.ProcessConfig - Config settings `withLabel:process_medium` matches labels `process_medium` for process with name POPPIPE_SNP_ANALYSIS:CLUSTER_SNP_ANALYSIS:CALCULATE_PAIRWISE_DISTANCES_SNP_DISTS
Jul-19 10:50:30.358 [main] DEBUG nextflow.script.ProcessConfig - Config settings `withName:CALCULATE_PAIRWISE_DISTANCES_SNP_DISTS` matches process POPPIPE_SNP_ANALYSIS:CLUSTER_SNP_ANALYSIS:CALCULATE_PAIRWISE_DISTANCES_SNP_DISTS
Jul-19 10:50:30.360 [main] DEBUG nextflow.executor.ExecutorFactory - << taskConfig executor: null
Jul-19 10:50:30.361 [main] DEBUG nextflow.executor.ExecutorFactory - >> processorType: 'local'
Jul-19 10:50:30.361 [main] DEBUG nextflow.processor.TaskProcessor - Creating process 'POPPIPE_SNP_ANALYSIS:CLUSTER_SNP_ANALYSIS:CALCULATE_PAIRWISE_DISTANCES_SNP_DISTS': maxForks=0; fair=false; array=0
Jul-19 10:50:30.367 [main] DEBUG nextflow.script.ProcessConfig - Config settings `withLabel:process_low` matches labels `process_low` for process with name POPPIPE_SNP_ANALYSIS:CLUSTER_SNP_ANALYSIS:CREATE_SNP_DISTANCE_MATRIX_SNP_DISTS
Jul-19 10:50:30.367 [main] DEBUG nextflow.script.ProcessConfig - Config settings `withName:CREATE_SNP_DISTANCE_MATRIX_SNP_DISTS` matches process POPPIPE_SNP_ANALYSIS:CLUSTER_SNP_ANALYSIS:CREATE_SNP_DISTANCE_MATRIX_SNP_DISTS
Jul-19 10:50:30.368 [main] DEBUG nextflow.executor.ExecutorFactory - << taskConfig executor: null
Jul-19 10:50:30.369 [main] DEBUG nextflow.executor.ExecutorFactory - >> processorType: 'local'
Jul-19 10:50:30.369 [main] DEBUG nextflow.processor.TaskProcessor - Creating process 'POPPIPE_SNP_ANALYSIS:CLUSTER_SNP_ANALYSIS:CREATE_SNP_DISTANCE_MATRIX_SNP_DISTS': maxForks=0; fair=false; array=0
Jul-19 10:50:30.378 [main] DEBUG nextflow.script.ProcessConfig - Config settings `withLabel:process_high` matches labels `process_high` for process with name POPPIPE_SNP_ANALYSIS:CLUSTER_SNP_ANALYSIS:RECOMBINATION:RECOMBINATION_GUBBINS
Jul-19 10:50:30.378 [main] DEBUG nextflow.script.ProcessConfig - Config settings `withName:RECOMBINATION_GUBBINS` matches process POPPIPE_SNP_ANALYSIS:CLUSTER_SNP_ANALYSIS:RECOMBINATION:RECOMBINATION_GUBBINS
Jul-19 10:50:30.379 [main] DEBUG nextflow.executor.ExecutorFactory - << taskConfig executor: null
Jul-19 10:50:30.380 [main] DEBUG nextflow.executor.ExecutorFactory - >> processorType: 'local'
Jul-19 10:50:30.380 [main] DEBUG nextflow.processor.TaskProcessor - Creating process 'POPPIPE_SNP_ANALYSIS:CLUSTER_SNP_ANALYSIS:RECOMBINATION:RECOMBINATION_GUBBINS': maxForks=0; fair=false; array=0
Jul-19 10:50:30.393 [main] DEBUG nextflow.script.ProcessConfig - Config settings `withLabel:process_medium` matches labels `process_medium` for process with name POPPIPE_SNP_ANALYSIS:CLUSTER_SNP_ANALYSIS:MASK_RECOMBINANT_POSITIONS_BIOPYTHON
Jul-19 10:50:30.396 [main] DEBUG nextflow.script.ProcessConfig - Config settings `withName:MASK_RECOMBINANT_POSITIONS_BIOPYTHON` matches process POPPIPE_SNP_ANALYSIS:CLUSTER_SNP_ANALYSIS:MASK_RECOMBINANT_POSITIONS_BIOPYTHON
Jul-19 10:50:30.399 [main] DEBUG nextflow.executor.ExecutorFactory - << taskConfig executor: null
Jul-19 10:50:30.399 [main] DEBUG nextflow.executor.ExecutorFactory - >> processorType: 'local'
Jul-19 10:50:30.400 [main] DEBUG nextflow.processor.TaskProcessor - Creating process 'POPPIPE_SNP_ANALYSIS:CLUSTER_SNP_ANALYSIS:MASK_RECOMBINANT_POSITIONS_BIOPYTHON': maxForks=0; fair=false; array=0
Jul-19 10:50:30.405 [main] DEBUG nextflow.script.ProcessConfig - Config settings `withLabel:process_medium` matches labels `process_medium` for process with name POPPIPE_SNP_ANALYSIS:CLUSTER_SNP_ANALYSIS:CREATE_MASKED_SNP_DISTANCE_MATRIX_SNP_DISTS
Jul-19 10:50:30.405 [main] DEBUG nextflow.script.ProcessConfig - Config settings `withName:CREATE_MASKED_SNP_DISTANCE_MATRIX_SNP_DISTS` matches process POPPIPE_SNP_ANALYSIS:CLUSTER_SNP_ANALYSIS:CREATE_MASKED_SNP_DISTANCE_MATRIX_SNP_DISTS
Jul-19 10:50:30.406 [main] DEBUG nextflow.executor.ExecutorFactory - << taskConfig executor: null
Jul-19 10:50:30.406 [main] DEBUG nextflow.executor.ExecutorFactory - >> processorType: 'local'
Jul-19 10:50:30.407 [main] DEBUG nextflow.processor.TaskProcessor - Creating process 'POPPIPE_SNP_ANALYSIS:CLUSTER_SNP_ANALYSIS:CREATE_MASKED_SNP_DISTANCE_MATRIX_SNP_DISTS': maxForks=0; fair=false; array=0
Jul-19 10:50:30.412 [main] DEBUG nextflow.script.ProcessConfig - Config settings `withLabel:process_high` matches labels `process_high` for process with name POPPIPE_SNP_ANALYSIS:CLUSTER_SNP_ANALYSIS:BUILD_PHYLOGENETIC_TREE_PARSNP
Jul-19 10:50:30.413 [main] DEBUG nextflow.script.ProcessConfig - Config settings `withName:BUILD_PHYLOGENETIC_TREE_PARSNP` matches process POPPIPE_SNP_ANALYSIS:CLUSTER_SNP_ANALYSIS:BUILD_PHYLOGENETIC_TREE_PARSNP
Jul-19 10:50:30.414 [main] DEBUG nextflow.executor.ExecutorFactory - << taskConfig executor: null
Jul-19 10:50:30.414 [main] DEBUG nextflow.executor.ExecutorFactory - >> processorType: 'local'
Jul-19 10:50:30.415 [main] DEBUG nextflow.processor.TaskProcessor - Creating process 'POPPIPE_SNP_ANALYSIS:CLUSTER_SNP_ANALYSIS:BUILD_PHYLOGENETIC_TREE_PARSNP': maxForks=0; fair=false; array=0
Jul-19 10:50:30.424 [main] DEBUG nextflow.script.ProcessConfig - Config settings `withLabel:process_medium` matches labels `process_medium` for process with name POPPIPE_SNP_ANALYSIS:TREE_GRAFT
Jul-19 10:50:30.426 [main] DEBUG nextflow.executor.ExecutorFactory - << taskConfig executor: null
Jul-19 10:50:30.426 [main] DEBUG nextflow.executor.ExecutorFactory - >> processorType: 'local'
Jul-19 10:50:30.427 [main] DEBUG nextflow.processor.TaskProcessor - Creating process 'POPPIPE_SNP_ANALYSIS:TREE_GRAFT': maxForks=0; fair=false; array=0
Jul-19 10:50:30.453 [main] DEBUG nextflow.Session - Workflow process names [dsl2]: INFILE_HANDLING_UNIX, POPPIPE_SNP_ANALYSIS:CLUSTER_SNP_ANALYSIS:CREATE_SNP_DISTANCE_MATRIX_SNP_DISTS, POPPIPE_SNP_ANALYSIS:CLUSTER_SNP_ANALYSIS:CALCULATE_PAIRWISE_DISTANCES_SNP_DISTS, PARSE_POPPUNK_CLUSTERS, POPPIPE_SNP_ANALYSIS:PARSE_POPPIPE_OUTPUT, POPPIPE_SNP_ANALYSIS:CLUSTER_SNP_ANALYSIS:CORE_GENOME_ALIGNMENT_PARSNP, TREE_GRAFT, POPPIPE_SNP_ANALYSIS:CLUSTER_SNP_ANALYSIS:RECOMBINATION:RECOMBINATION_GUBBINS, POPPIPE_SNP_ANALYSIS:CLUSTER_SNP_ANALYSIS:BUILD_PHYLOGENETIC_TREE_PARSNP, CREATE_SNP_DISTANCE_MATRIX_SNP_DISTS, POPPIPE_SNP_ANALYSIS:CLUSTER_SNP_ANALYSIS:CONVERT_GINGR_TO_FASTA_HARVESTTOOLS, POPPIPE_SNP_ANALYSIS:CLUSTER_SNP_ANALYSIS:INFILE_HANDLING_UNIX, CONVERT_GINGR_TO_FASTA_HARVESTTOOLS, MASK_RECOMBINANT_POSITIONS_BIOPYTHON, CORE_GENOME_ALIGNMENT_PARSNP, POPPIPE_SNP_ANALYSIS:TREE_GRAFT, REF_INFILE_HANDLING_UNIX, CONVERT_TSV_TO_EXCEL_PYTHON, CALCULATE_PAIRWISE_DISTANCES_SNP_DISTS, RECOMBINATION_GUBBINS, CONVERT_SAMPLESHEET_PYTHON, CREATE_EXCEL_RUN_SUMMARY_PYTHON, CREATE_MASKED_SNP_DISTANCE_MATRIX_SNP_DISTS, POPPIPE_SNP_ANALYSIS:CLUSTER_SNP_ANALYSIS:MASK_RECOMBINANT_POSITIONS_BIOPYTHON, POPPIPE_SNP_ANALYSIS:CLUSTER_SNP_ANALYSIS:CREATE_MASKED_SNP_DISTANCE_MATRIX_SNP_DISTS, BUILD_PHYLOGENETIC_TREE_PARSNP, RECOMBINATION_CLONALFRAMEML, PARSE_POPPIPE_OUTPUT
Jul-19 10:50:30.458 [main] DEBUG nextflow.Session - Igniting dataflow network (20)
Jul-19 10:50:30.459 [main] DEBUG nextflow.processor.TaskProcessor - Starting process > POPPIPE_SNP_ANALYSIS:PARSE_POPPIPE_OUTPUT
Jul-19 10:50:30.459 [main] DEBUG nextflow.processor.TaskProcessor - Starting process > POPPIPE_SNP_ANALYSIS:CLUSTER_SNP_ANALYSIS:INFILE_HANDLING_UNIX
Jul-19 10:50:30.459 [main] DEBUG nextflow.processor.TaskProcessor - Starting process > POPPIPE_SNP_ANALYSIS:CLUSTER_SNP_ANALYSIS:CORE_GENOME_ALIGNMENT_PARSNP
Jul-19 10:50:30.459 [main] DEBUG nextflow.processor.TaskProcessor - Starting process > POPPIPE_SNP_ANALYSIS:CLUSTER_SNP_ANALYSIS:CONVERT_GINGR_TO_FASTA_HARVESTTOOLS
Jul-19 10:50:30.459 [main] DEBUG nextflow.processor.TaskProcessor - Starting process > POPPIPE_SNP_ANALYSIS:CLUSTER_SNP_ANALYSIS:CALCULATE_PAIRWISE_DISTANCES_SNP_DISTS
Jul-19 10:50:30.460 [main] DEBUG nextflow.processor.TaskProcessor - Starting process > POPPIPE_SNP_ANALYSIS:CLUSTER_SNP_ANALYSIS:CREATE_SNP_DISTANCE_MATRIX_SNP_DISTS
Jul-19 10:50:30.460 [main] DEBUG nextflow.processor.TaskProcessor - Starting process > POPPIPE_SNP_ANALYSIS:CLUSTER_SNP_ANALYSIS:RECOMBINATION:RECOMBINATION_GUBBINS
Jul-19 10:50:30.460 [main] DEBUG nextflow.processor.TaskProcessor - Starting process > POPPIPE_SNP_ANALYSIS:CLUSTER_SNP_ANALYSIS:MASK_RECOMBINANT_POSITIONS_BIOPYTHON
Jul-19 10:50:30.460 [main] DEBUG nextflow.processor.TaskProcessor - Starting process > POPPIPE_SNP_ANALYSIS:CLUSTER_SNP_ANALYSIS:CREATE_MASKED_SNP_DISTANCE_MATRIX_SNP_DISTS
Jul-19 10:50:30.460 [main] DEBUG nextflow.processor.TaskProcessor - Starting process > POPPIPE_SNP_ANALYSIS:CLUSTER_SNP_ANALYSIS:BUILD_PHYLOGENETIC_TREE_PARSNP
Jul-19 10:50:30.460 [main] DEBUG nextflow.processor.TaskProcessor - Starting process > POPPIPE_SNP_ANALYSIS:TREE_GRAFT
Jul-19 10:50:30.461 [main] DEBUG nextflow.script.ScriptRunner - Parsed script files:
  Script_b9a8232e0fa11be0: /home/phemarajata/Downloads/wf-assembly-snps-optimized_poppipe/modules/local/create_masked_snp_distance_matrix_snp_dists/main.nf
  Script_de42343b4a60b37d: /home/phemarajata/Downloads/wf-assembly-snps-optimized_poppipe/modules/local/create_snp_distance_matrix_snp_dists/main.nf
  Script_6ef5bdac66e9e392: /home/phemarajata/Downloads/wf-assembly-snps-optimized_poppipe/modules/local/build_phylogenetic_tree_parsnp/main.nf
  Script_cf92b0cfd5970f35: /home/phemarajata/Downloads/wf-assembly-snps-optimized_poppipe/modules/local/convert_samplesheet_python/main.nf
  Script_af27fc3efabe901d: /home/phemarajata/Downloads/wf-assembly-snps-optimized_poppipe/subworkflows/local/input_check.nf
  Script_53027aa9816972db: /home/phemarajata/Downloads/wf-assembly-snps-optimized_poppipe/modules/local/calculate_pairwise_distances_snp_dists/main.nf
  Script_d97613bdf9c0d9be: /home/phemarajata/Downloads/wf-assembly-snps-optimized_poppipe/modules/local/convert_gingr_to_fasta_harvesttools/main.nf
  Script_a7b96d407e03df64: /home/phemarajata/Downloads/wf-assembly-snps-optimized_poppipe/modules/local/infile_handling_unix/main.nf
  Script_cf1907f7a901597f: /home/phemarajata/Downloads/wf-assembly-snps-optimized_poppipe/workflows/assembly_snps.nf
  Script_b201bd7be3c9248f: /home/phemarajata/Downloads/wf-assembly-snps-optimized_poppipe/modules/local/parse_poppipe_output/main.nf
  Script_62f9f54335ad34eb: /home/phemarajata/Downloads/wf-assembly-snps-optimized_poppipe/modules/local/tree_graft/main.nf
  Script_daab3931d6dbebc6: /home/phemarajata/Downloads/wf-assembly-snps-optimized_poppipe/modules/local/convert_tsv_to_excel_python/main.nf
  Script_bdfe511ac4c90ab8: /home/phemarajata/Downloads/wf-assembly-snps-optimized_poppipe/subworkflows/local/recombination.nf
  Script_92a8fd2e65506f13: /home/phemarajata/Downloads/wf-assembly-snps-optimized_poppipe/modules/local/create_excel_run_summary_python/main.nf
  Script_7ff909c4ed363959: /home/phemarajata/Downloads/wf-assembly-snps-optimized_poppipe/modules/local/recombination_gubbins/main.nf
  Script_78ef99c1cf97f234: /home/phemarajata/Downloads/wf-assembly-snps-optimized_poppipe/workflows/poppipe_snp_analysis.nf
  Script_91cc3a7de431b47a: /home/phemarajata/Downloads/wf-assembly-snps-optimized_poppipe/workflows/assembly_snps_clustered.nf
  Script_b149fc8549e9d7d6: /home/phemarajata/Downloads/wf-assembly-snps-optimized_poppipe/subworkflows/local/cluster_snp_analysis/main.nf
  Script_c73b08b3baf6307d: /home/phemarajata/Downloads/wf-assembly-snps-optimized_poppipe/modules/local/parse_poppunk_clusters/main.nf
  Script_67f829c2679504c2: /home/phemarajata/Downloads/wf-assembly-snps-optimized_poppipe/modules/local/core_genome_alignment_parsnp/main.nf
  Script_5ca559834abe9e5f: /home/phemarajata/Downloads/wf-assembly-snps-optimized_poppipe/main.nf
  Script_30224b4410519b3a: /home/phemarajata/Downloads/wf-assembly-snps-optimized_poppipe/modules/local/mask_recombinant_positions_biopython/main.nf
  Script_24820bed3f05c1d0: /home/phemarajata/Downloads/wf-assembly-snps-optimized_poppipe/modules/local/recombination_clonalframeml/main.nf
Jul-19 10:50:30.461 [main] DEBUG nextflow.script.ScriptRunner - > Awaiting termination 
Jul-19 10:50:30.461 [main] DEBUG nextflow.Session - Session await
Jul-19 10:50:30.593 [Task submitter] DEBUG n.executor.local.LocalTaskHandler - Launch cmd line: /bin/bash -ue .command.run
Jul-19 10:50:30.596 [Task submitter] INFO  nextflow.Session - [b5/b1e1c8] Submitted process > POPPIPE_SNP_ANALYSIS:PARSE_POPPIPE_OUTPUT (PopPIPE output parsing)
Jul-19 10:50:32.605 [Task monitor] DEBUG n.processor.TaskPollingMonitor - Task completed > TaskHandler[id: 1; name: POPPIPE_SNP_ANALYSIS:PARSE_POPPIPE_OUTPUT (PopPIPE output parsing); status: COMPLETED; exit: 0; error: -; workDir: /home/phemarajata/Downloads/wf-assembly-snps-optimized_poppipe/work/b5/b1e1c82c20a881f44f1b5f414017ee]
Jul-19 10:50:32.605 [Task monitor] DEBUG nextflow.util.ThreadPoolBuilder - Creating thread pool 'TaskFinalizer' minSize=10; maxSize=66; workQueue=LinkedBlockingQueue[-1]; allowCoreThreadTimeout=false
Jul-19 10:50:32.767 [Task submitter] DEBUG n.executor.local.LocalTaskHandler - Launch cmd line: /bin/bash -ue .command.run
Jul-19 10:50:32.768 [Task submitter] INFO  nextflow.Session - [c8/147d3c] Submitted process > POPPIPE_SNP_ANALYSIS:CLUSTER_SNP_ANALYSIS:INFILE_HANDLING_UNIX (1_SRR12527871_contigs)
Jul-19 10:50:32.777 [Task submitter] DEBUG n.executor.local.LocalTaskHandler - Launch cmd line: /bin/bash -ue .command.run
Jul-19 10:50:32.778 [Task submitter] INFO  nextflow.Session - [cd/3de0cc] Submitted process > POPPIPE_SNP_ANALYSIS:CLUSTER_SNP_ANALYSIS:INFILE_HANDLING_UNIX (1_IP-0077)
Jul-19 10:50:32.787 [Task submitter] DEBUG n.executor.local.LocalTaskHandler - Launch cmd line: /bin/bash -ue .command.run
Jul-19 10:50:32.788 [Task submitter] INFO  nextflow.Session - [d0/9bd54f] Submitted process > POPPIPE_SNP_ANALYSIS:CLUSTER_SNP_ANALYSIS:INFILE_HANDLING_UNIX (1_IE-0012)
Jul-19 10:50:32.795 [Task submitter] DEBUG n.executor.local.LocalTaskHandler - Launch cmd line: /bin/bash -ue .command.run
Jul-19 10:50:32.796 [Task submitter] INFO  nextflow.Session - [33/2c2df2] Submitted process > POPPIPE_SNP_ANALYSIS:CLUSTER_SNP_ANALYSIS:INFILE_HANDLING_UNIX (1_ERS013358)
Jul-19 10:50:32.808 [Task submitter] DEBUG n.executor.local.LocalTaskHandler - Launch cmd line: /bin/bash -ue .command.run
Jul-19 10:50:32.808 [Task submitter] INFO  nextflow.Session - [4d/dcc430] Submitted process > POPPIPE_SNP_ANALYSIS:CLUSTER_SNP_ANALYSIS:INFILE_HANDLING_UNIX (1_GCA_963573135_1)
Jul-19 10:50:32.814 [Task submitter] DEBUG n.executor.local.LocalTaskHandler - Launch cmd line: /bin/bash -ue .command.run
Jul-19 10:50:32.816 [Task submitter] INFO  nextflow.Session - [49/03626e] Submitted process > POPPIPE_SNP_ANALYSIS:CLUSTER_SNP_ANALYSIS:INFILE_HANDLING_UNIX (1_GCA_963570025_1)
Jul-19 10:50:32.833 [Task submitter] DEBUG n.executor.local.LocalTaskHandler - Launch cmd line: /bin/bash -ue .command.run
Jul-19 10:50:32.836 [Task submitter] INFO  nextflow.Session - [13/391a78] Submitted process > POPPIPE_SNP_ANALYSIS:CLUSTER_SNP_ANALYSIS:INFILE_HANDLING_UNIX (1_IP-0044)
Jul-19 10:50:32.848 [Task submitter] DEBUG n.executor.local.LocalTaskHandler - Launch cmd line: /bin/bash -ue .command.run
Jul-19 10:50:32.849 [Task submitter] INFO  nextflow.Session - [2b/89aaa1] Submitted process > POPPIPE_SNP_ANALYSIS:CLUSTER_SNP_ANALYSIS:INFILE_HANDLING_UNIX (1_IP-0127)
Jul-19 10:50:32.858 [Task submitter] DEBUG n.executor.local.LocalTaskHandler - Launch cmd line: /bin/bash -ue .command.run
Jul-19 10:50:32.859 [Task submitter] INFO  nextflow.Session - [7d/a3032b] Submitted process > POPPIPE_SNP_ANALYSIS:CLUSTER_SNP_ANALYSIS:INFILE_HANDLING_UNIX (1_ERS012330)
Jul-19 10:50:32.866 [Task submitter] DEBUG n.executor.local.LocalTaskHandler - Launch cmd line: /bin/bash -ue .command.run
Jul-19 10:50:32.867 [Task submitter] INFO  nextflow.Session - [00/1d4972] Submitted process > POPPIPE_SNP_ANALYSIS:CLUSTER_SNP_ANALYSIS:INFILE_HANDLING_UNIX (1_IP-0162)
Jul-19 10:50:33.434 [Task monitor] DEBUG n.processor.TaskPollingMonitor - Task completed > TaskHandler[id: 14; name: POPPIPE_SNP_ANALYSIS:CLUSTER_SNP_ANALYSIS:INFILE_HANDLING_UNIX (1_IP-0077); status: COMPLETED; exit: 1; error: -; workDir: /home/phemarajata/Downloads/wf-assembly-snps-optimized_poppipe/work/cd/3de0cc97fffece95ce4d3a7606449b]
Jul-19 10:50:33.490 [TaskFinalizer-2] DEBUG nextflow.processor.TaskProcessor - Handling unexpected condition for
  task: name=POPPIPE_SNP_ANALYSIS:CLUSTER_SNP_ANALYSIS:INFILE_HANDLING_UNIX (1_IP-0077); work-dir=/home/phemarajata/Downloads/wf-assembly-snps-optimized_poppipe/work/cd/3de0cc97fffece95ce4d3a7606449b
  error [nextflow.exception.ProcessFailedException]: Process `POPPIPE_SNP_ANALYSIS:CLUSTER_SNP_ANALYSIS:INFILE_HANDLING_UNIX (1_IP-0077)` terminated with an error exit status (1)
Jul-19 10:50:33.495 [Task monitor] DEBUG n.processor.TaskPollingMonitor - Task completed > TaskHandler[id: 4; name: POPPIPE_SNP_ANALYSIS:CLUSTER_SNP_ANALYSIS:INFILE_HANDLING_UNIX (1_SRR12527871_contigs); status: COMPLETED; exit: 1; error: -; workDir: /home/phemarajata/Downloads/wf-assembly-snps-optimized_poppipe/work/c8/147d3cef4d153716ee84c45cef262e]
Jul-19 10:50:33.523 [TaskFinalizer-2] ERROR nextflow.processor.TaskProcessor - Error executing process > 'POPPIPE_SNP_ANALYSIS:CLUSTER_SNP_ANALYSIS:INFILE_HANDLING_UNIX (1_IP-0077)'

Caused by:
  Process `POPPIPE_SNP_ANALYSIS:CLUSTER_SNP_ANALYSIS:INFILE_HANDLING_UNIX (1_IP-0077)` terminated with an error exit status (1)


Command executed:

  # Define bash functions inline
  msg() {
    echo "[$(date '+%Y-%b-%d %a %H:%M:%S')] $@"
  }
  
  verify_minimum_file_size() {
    # Boolean test to ensure the filepath is a file, is non-zero size, and
    #  is at least the minimum specified size (in Bytes).
    # Parameters: $1=filename, $2=file description, $3=minimum size
    if [ -f "${1}" ]; then
      if [ -s "${1}" ]; then
        if [[ $(find -L "${1}" -type f -size +"${3}") ]]; then
          return 0
        else
          msg "ERROR: ${2} file $(basename ${1}) present but too small (less than ${3})" >&2
          return 1
        fi
      else
        msg "ERROR: ${2} file $(basename ${1}) present but empty" >&2
        return 1
      fi
    else
      msg "ERROR: ${2} file $(basename ${1}) absent" >&2
      return 1
    fi
  }
  
  # Rename input files to prefix and move to inputfiles dir
  mkdir inputfiles
  cp IP-0077.fasta inputfiles/"1_IP-0077.fasta"
  
  # gunzip all files that end in .{gz,Gz,GZ,gZ}
  find -L inputfiles/ -type f -name '*.[gG][zZ]' -exec gunzip -f {} +
  
  # Filter out small inputfiles
  msg "Checking input file sizes for sample 1_IP-0077.."
  echo -e "Sample name	QC step	Outcome (Pass/Fail)" > "1_IP-0077.Initial_Input_File.tsv"
  
  file_count=0
  for file in inputfiles/*; do
    # Check if the glob matched any files
    if [ ! -e "${file}" ]; then
      msg "No files found in inputfiles directory"
      break
    fi
  
    ((file_count++))
  
    # Safely get basename
    local filename
    filename=$(basename "${file}" 2>/dev/null || echo "unknown_file")
    msg "Processing file ${file_count}: ${filename}"
  
    if verify_minimum_file_size "${file}" 'Input' "1k"; then
      local base_name
      base_name=$(basename "${file%%.*}" 2>/dev/null || echo "unknown")
      echo -e "${base_name}	Input File	PASS"         >> "1_IP-0077.Initial_Input_File.tsv"
    else
      local base_name
      base_name=$(basename "${file%%.*}" 2>/dev/null || echo "unknown")
      echo -e "${base_name}	Input File	FAIL"         >> "1_IP-0077.Initial_Input_File.tsv"
      rm "${file}"
    fi
  done
  
  msg "Completed processing ${file_count} files for sample 1_IP-0077"
  
  cat <<-END_VERSIONS > versions.yml
  "POPPIPE_SNP_ANALYSIS:CLUSTER_SNP_ANALYSIS:INFILE_HANDLING_UNIX":
    ubuntu: $(awk -F ' ' '{print $2,$3}' /etc/issue | tr -d '\n')
  END_VERSIONS

Command exit status:
  1

Command output:
  [2025-Jul-19 Sat 03:50:33] Checking input file sizes for sample 1_IP-0077..

Command error:
  [2025-Jul-19 Sat 03:50:33] Checking input file sizes for sample 1_IP-0077..

Work dir:
  /home/phemarajata/Downloads/wf-assembly-snps-optimized_poppipe/work/cd/3de0cc97fffece95ce4d3a7606449b

Container:
  ubuntu:jammy

Tip: view the complete command output by changing to the process work dir and entering the command `cat .command.out`
Jul-19 10:50:33.529 [TaskFinalizer-2] INFO  nextflow.Session - Execution cancelled -- Finishing pending tasks before exit
Jul-19 10:50:33.536 [main] DEBUG nextflow.Session - Session await > all processes finished
Jul-19 10:50:33.540 [Actor Thread 33] DEBUG nextflow.file.SortFileCollector - FileCollector temp dir not removed: null
Jul-19 10:50:33.542 [Actor Thread 18] DEBUG nextflow.processor.TaskProcessor - Handling unexpected condition for
  task: name=POPPIPE_SNP_ANALYSIS:CLUSTER_SNP_ANALYSIS:INFILE_HANDLING_UNIX; work-dir=null
  error [java.lang.IllegalStateException]: Cannot obtain the semaphore to fork operator's body.
Jul-19 10:50:33.551 [Task monitor] DEBUG n.processor.TaskPollingMonitor - Task completed > TaskHandler[id: 8; name: POPPIPE_SNP_ANALYSIS:CLUSTER_SNP_ANALYSIS:INFILE_HANDLING_UNIX (1_ERS013358); status: COMPLETED; exit: 1; error: -; workDir: /home/phemarajata/Downloads/wf-assembly-snps-optimized_poppipe/work/33/2c2df2fe1fbc11c1e3884218a9c1f7]
Jul-19 10:50:33.551 [TaskFinalizer-3] DEBUG nextflow.processor.TaskProcessor - Handling unexpected condition for
  task: name=POPPIPE_SNP_ANALYSIS:CLUSTER_SNP_ANALYSIS:INFILE_HANDLING_UNIX (1_SRR12527871_contigs); work-dir=/home/phemarajata/Downloads/wf-assembly-snps-optimized_poppipe/work/c8/147d3cef4d153716ee84c45cef262e
  error [nextflow.exception.ProcessFailedException]: Process `POPPIPE_SNP_ANALYSIS:CLUSTER_SNP_ANALYSIS:INFILE_HANDLING_UNIX (1_SRR12527871_contigs)` terminated with an error exit status (1)
Jul-19 10:50:33.561 [Actor Thread 8] DEBUG nextflow.sort.BigSort - Sort completed -- entries: 1; slices: 1; internal sort time: 0.002 s; external sort time: 0.015 s; total time: 0.017 s
Jul-19 10:50:33.568 [Actor Thread 8] DEBUG nextflow.file.FileCollector - Saved collect-files list to: /home/phemarajata/Downloads/wf-assembly-snps-optimized_poppipe/work/collect-file/6c33308d39996d472eacb8e43fd87cef
Jul-19 10:50:33.576 [Actor Thread 8] DEBUG nextflow.file.FileCollector - Deleting file collector temp dir: /tmp/nxf-8633951716350188989
Jul-19 10:50:33.586 [Task monitor] DEBUG n.processor.TaskPollingMonitor - Task completed > TaskHandler[id: 9; name: POPPIPE_SNP_ANALYSIS:CLUSTER_SNP_ANALYSIS:INFILE_HANDLING_UNIX (1_GCA_963573135_1); status: COMPLETED; exit: 1; error: -; workDir: /home/phemarajata/Downloads/wf-assembly-snps-optimized_poppipe/work/4d/dcc430f8703c8e5f946507f38a7eca]
Jul-19 10:50:33.587 [TaskFinalizer-4] DEBUG nextflow.processor.TaskProcessor - Handling unexpected condition for
  task: name=POPPIPE_SNP_ANALYSIS:CLUSTER_SNP_ANALYSIS:INFILE_HANDLING_UNIX (1_ERS013358); work-dir=/home/phemarajata/Downloads/wf-assembly-snps-optimized_poppipe/work/33/2c2df2fe1fbc11c1e3884218a9c1f7
  error [nextflow.exception.ProcessFailedException]: Process `POPPIPE_SNP_ANALYSIS:CLUSTER_SNP_ANALYSIS:INFILE_HANDLING_UNIX (1_ERS013358)` terminated with an error exit status (1)
Jul-19 10:50:33.587 [Task monitor] DEBUG n.processor.TaskPollingMonitor - Task completed > TaskHandler[id: 3; name: POPPIPE_SNP_ANALYSIS:CLUSTER_SNP_ANALYSIS:INFILE_HANDLING_UNIX (1_GCA_963570025_1); status: COMPLETED; exit: 1; error: -; workDir: /home/phemarajata/Downloads/wf-assembly-snps-optimized_poppipe/work/49/03626eb9fdd62543f309e85cd5c029]
Jul-19 10:50:33.588 [TaskFinalizer-5] DEBUG nextflow.processor.TaskProcessor - Handling unexpected condition for
  task: name=POPPIPE_SNP_ANALYSIS:CLUSTER_SNP_ANALYSIS:INFILE_HANDLING_UNIX (1_GCA_963573135_1); work-dir=/home/phemarajata/Downloads/wf-assembly-snps-optimized_poppipe/work/4d/dcc430f8703c8e5f946507f38a7eca
  error [nextflow.exception.ProcessFailedException]: Process `POPPIPE_SNP_ANALYSIS:CLUSTER_SNP_ANALYSIS:INFILE_HANDLING_UNIX (1_GCA_963573135_1)` terminated with an error exit status (1)
Jul-19 10:50:33.588 [TaskFinalizer-6] DEBUG nextflow.processor.TaskProcessor - Handling unexpected condition for
  task: name=POPPIPE_SNP_ANALYSIS:CLUSTER_SNP_ANALYSIS:INFILE_HANDLING_UNIX (1_GCA_963570025_1); work-dir=/home/phemarajata/Downloads/wf-assembly-snps-optimized_poppipe/work/49/03626eb9fdd62543f309e85cd5c029
  error [nextflow.exception.ProcessFailedException]: Process `POPPIPE_SNP_ANALYSIS:CLUSTER_SNP_ANALYSIS:INFILE_HANDLING_UNIX (1_GCA_963570025_1)` terminated with an error exit status (1)
Jul-19 10:50:33.593 [Task monitor] DEBUG n.processor.TaskPollingMonitor - Task completed > TaskHandler[id: 10; name: POPPIPE_SNP_ANALYSIS:CLUSTER_SNP_ANALYSIS:INFILE_HANDLING_UNIX (1_IE-0012); status: COMPLETED; exit: 1; error: -; workDir: /home/phemarajata/Downloads/wf-assembly-snps-optimized_poppipe/work/d0/9bd54fb36b58aeb30e778ea381efb7]
Jul-19 10:50:33.595 [Task monitor] DEBUG n.processor.TaskPollingMonitor - Task completed > TaskHandler[id: 17; name: POPPIPE_SNP_ANALYSIS:CLUSTER_SNP_ANALYSIS:INFILE_HANDLING_UNIX (1_IP-0044); status: COMPLETED; exit: 1; error: -; workDir: /home/phemarajata/Downloads/wf-assembly-snps-optimized_poppipe/work/13/391a78b988eac56662afaa95f7a8bc]
Jul-19 10:50:33.595 [TaskFinalizer-7] DEBUG nextflow.processor.TaskProcessor - Handling unexpected condition for
  task: name=POPPIPE_SNP_ANALYSIS:CLUSTER_SNP_ANALYSIS:INFILE_HANDLING_UNIX (1_IE-0012); work-dir=/home/phemarajata/Downloads/wf-assembly-snps-optimized_poppipe/work/d0/9bd54fb36b58aeb30e778ea381efb7
  error [nextflow.exception.ProcessFailedException]: Process `POPPIPE_SNP_ANALYSIS:CLUSTER_SNP_ANALYSIS:INFILE_HANDLING_UNIX (1_IE-0012)` terminated with an error exit status (1)
Jul-19 10:50:33.597 [TaskFinalizer-8] DEBUG nextflow.processor.TaskProcessor - Handling unexpected condition for
  task: name=POPPIPE_SNP_ANALYSIS:CLUSTER_SNP_ANALYSIS:INFILE_HANDLING_UNIX (1_IP-0044); work-dir=/home/phemarajata/Downloads/wf-assembly-snps-optimized_poppipe/work/13/391a78b988eac56662afaa95f7a8bc
  error [nextflow.exception.ProcessFailedException]: Process `POPPIPE_SNP_ANALYSIS:CLUSTER_SNP_ANALYSIS:INFILE_HANDLING_UNIX (1_IP-0044)` terminated with an error exit status (1)
Jul-19 10:50:33.655 [Task monitor] DEBUG n.processor.TaskPollingMonitor - Task completed > TaskHandler[id: 6; name: POPPIPE_SNP_ANALYSIS:CLUSTER_SNP_ANALYSIS:INFILE_HANDLING_UNIX (1_IP-0162); status: COMPLETED; exit: 1; error: -; workDir: /home/phemarajata/Downloads/wf-assembly-snps-optimized_poppipe/work/00/1d49727d995b314355c1e844a020ea]
Jul-19 10:50:33.658 [TaskFinalizer-9] DEBUG nextflow.processor.TaskProcessor - Handling unexpected condition for
  task: name=POPPIPE_SNP_ANALYSIS:CLUSTER_SNP_ANALYSIS:INFILE_HANDLING_UNIX (1_IP-0162); work-dir=/home/phemarajata/Downloads/wf-assembly-snps-optimized_poppipe/work/00/1d49727d995b314355c1e844a020ea
  error [nextflow.exception.ProcessFailedException]: Process `POPPIPE_SNP_ANALYSIS:CLUSTER_SNP_ANALYSIS:INFILE_HANDLING_UNIX (1_IP-0162)` terminated with an error exit status (1)
Jul-19 10:50:33.755 [Task monitor] DEBUG n.processor.TaskPollingMonitor - Task completed > TaskHandler[id: 7; name: POPPIPE_SNP_ANALYSIS:CLUSTER_SNP_ANALYSIS:INFILE_HANDLING_UNIX (1_ERS012330); status: COMPLETED; exit: 1; error: -; workDir: /home/phemarajata/Downloads/wf-assembly-snps-optimized_poppipe/work/7d/a3032b0dc170e6d99f92c6cd17ad9a]
Jul-19 10:50:33.757 [TaskFinalizer-10] DEBUG nextflow.processor.TaskProcessor - Handling unexpected condition for
  task: name=POPPIPE_SNP_ANALYSIS:CLUSTER_SNP_ANALYSIS:INFILE_HANDLING_UNIX (1_ERS012330); work-dir=/home/phemarajata/Downloads/wf-assembly-snps-optimized_poppipe/work/7d/a3032b0dc170e6d99f92c6cd17ad9a
  error [nextflow.exception.ProcessFailedException]: Process `POPPIPE_SNP_ANALYSIS:CLUSTER_SNP_ANALYSIS:INFILE_HANDLING_UNIX (1_ERS012330)` terminated with an error exit status (1)
Jul-19 10:50:33.794 [Task monitor] DEBUG n.processor.TaskPollingMonitor - Task completed > TaskHandler[id: 12; name: POPPIPE_SNP_ANALYSIS:CLUSTER_SNP_ANALYSIS:INFILE_HANDLING_UNIX (1_IP-0127); status: COMPLETED; exit: 1; error: -; workDir: /home/phemarajata/Downloads/wf-assembly-snps-optimized_poppipe/work/2b/89aaa125a7203fd678611ec777e0d9]
Jul-19 10:50:33.795 [Task monitor] DEBUG n.processor.TaskPollingMonitor - <<< barrier arrives (monitor: local) - terminating tasks monitor poll loop
Jul-19 10:50:33.795 [main] DEBUG nextflow.Session - Session await > all barriers passed
Jul-19 10:50:33.795 [TaskFinalizer-1] DEBUG nextflow.processor.TaskProcessor - Handling unexpected condition for
  task: name=POPPIPE_SNP_ANALYSIS:CLUSTER_SNP_ANALYSIS:INFILE_HANDLING_UNIX (1_IP-0127); work-dir=/home/phemarajata/Downloads/wf-assembly-snps-optimized_poppipe/work/2b/89aaa125a7203fd678611ec777e0d9
  error [nextflow.exception.ProcessFailedException]: Process `POPPIPE_SNP_ANALYSIS:CLUSTER_SNP_ANALYSIS:INFILE_HANDLING_UNIX (1_IP-0127)` terminated with an error exit status (1)
Jul-19 10:50:33.797 [main] DEBUG nextflow.util.ThreadPoolManager - Thread pool 'TaskFinalizer' shutdown completed (hard=false)
Jul-19 10:50:33.799 [main] INFO  nextflow.Nextflow - -[0;35m[bacterial-genomics/wf-assembly-snps][0;31m Pipeline completed with errors[0m-
Jul-19 10:50:33.799 [main] INFO  nextflow.Nextflow - -[0;35m[bacterial-genomics/wf-assembly-snps][0;31m Pipeline completed with errors[0m-
Jul-19 10:50:33.799 [main] INFO  nextflow.Nextflow - -[0;35m[bacterial-genomics/wf-assembly-snps][0;31m Pipeline completed with errors[0m-
Jul-19 10:50:33.799 [main] INFO  nextflow.Nextflow - -[0;35m[bacterial-genomics/wf-assembly-snps][0;31m Pipeline completed with errors[0m-
Jul-19 10:50:33.802 [main] DEBUG n.trace.WorkflowStatsObserver - Workflow completed > WorkflowStats[succeededCount=1; failedCount=10; ignoredCount=0; cachedCount=0; pendingCount=238; submittedCount=0; runningCount=0; retriesCount=0; abortedCount=0; succeedDuration=1.7s; failedDuration=7.4s; cachedDuration=0ms;loadCpus=0; loadMemory=0; peakRunning=10; peakCpus=10; peakMemory=60 GB; ]
Jul-19 10:50:33.802 [main] DEBUG nextflow.trace.TraceFileObserver - Workflow completed -- saving trace file
Jul-19 10:50:33.802 [main] DEBUG nextflow.trace.ReportObserver - Workflow completed -- rendering execution report
Jul-19 10:50:34.069 [main] DEBUG nextflow.trace.TimelineObserver - Workflow completed -- rendering execution timeline
Jul-19 10:50:34.141 [main] DEBUG nextflow.cache.CacheDB - Closing CacheDB done
Jul-19 10:50:34.151 [main] DEBUG nextflow.util.ThreadPoolManager - Thread pool 'FileTransfer' shutdown completed (hard=false)
Jul-19 10:50:34.152 [main] DEBUG nextflow.script.ScriptRunner - > Execution complete -- Goodbye
